1642721212921	geckodriver	INFO	Listening on 127.0.0.1:55137
1642721212924	mozrunner::runner	INFO	Running command: "/usr/bin/firefox" "--marionette" "--remote-debugging-port" "41601" "-no-remote" "-profile" "/tmp/rust_mozprofileVHp8q2"
ATTENTION: default value of option mesa_glthread overridden by environment.
ATTENTION: default value of option mesa_glthread overridden by environment.
ATTENTION: default value of option mesa_glthread overridden by environment.
ATTENTION: default value of option mesa_glthread overridden by environment.
1642721213344	Marionette	INFO	Marionette enabled
console.warn: SearchSettings: "get: No settings file exists, new profile?" (new NotFoundError("Could not open the file at /tmp/rust_mozprofileVHp8q2/search.json.mozlz4", (void 0)))
DevTools listening on ws://localhost:41601/devtools/browser/1d2f5f3d-aede-4fda-b8b9-f19af24bc9e6
1642721214443	Marionette	INFO	Listening on port 38191
1642721214572	RemoteAgent	WARN	TLS certificate errors will be ignored for this session
1642721220786	Marionette	WARN	Ignoring event 'DOMContentLoaded' because document has an invalid readyState of 'complete'.
ATTENTION: default value of option mesa_glthread overridden by environment.
JavaScript warning: https://pagead2.googlesyndication.com/bg/RSjKnk5gG5e-YnqyaokaGBofRBYcmQ35b5mWA3AF7Xg.js line 1 > eval line 1135 > eval, line 1: WEBGL_debug_renderer_info is deprecated in Firefox and will be removed. Please use RENDERER.
JavaScript warning: https://pagead2.googlesyndication.com/bg/RSjKnk5gG5e-YnqyaokaGBofRBYcmQ35b5mWA3AF7Xg.js line 1 > eval line 6532 > eval, line 1: WEBGL_debug_renderer_info is deprecated in Firefox and will be removed. Please use RENDERER.
1642721229974	Marionette	WARN	Ignoring event 'pageshow' because document has an invalid readyState of 'uninitialized'.
1642721251780	Marionette	INFO	Stopped listening on port 38191
console.warn: TopSitesFeed: Failed to fetch data from Contile server: NetworkError when attempting to fetch resource.
JavaScript error: chrome://remote/content/marionette/cert.js, line 55: NS_ERROR_NOT_AVAILABLE: Component returned failure code: 0x80040111 (NS_ERROR_NOT_AVAILABLE) [nsICertOverrideService.setDisableAllSecurityChecksAndLetAttackersInterceptMyData]
JavaScript error: , line 0: AbortError: The fetching process for the media resource was aborted by the user agent at the user's request.
JavaScript error: , line 0: TypeError: NetworkError when attempting to fetch resource.
JavaScript error: , line 0: TypeError: NetworkError when attempting to fetch resource.
1642721271926	geckodriver	INFO	Listening on 127.0.0.1:33975
1642721271929	mozrunner::runner	INFO	Running command: "/usr/bin/firefox" "--marionette" "--window-size=960x1080" "--remote-debugging-port" "49513" "-no-remote" "-profile" "/tmp/rust_mozprofileIalXbr"
ATTENTION: default value of option mesa_glthread overridden by environment.
ATTENTION: default value of option mesa_glthread overridden by environment.
ATTENTION: default value of option mesa_glthread overridden by environment.
ATTENTION: default value of option mesa_glthread overridden by environment.
1642721272335	Marionette	INFO	Marionette enabled
console.warn: SearchSettings: "get: No settings file exists, new profile?" (new NotFoundError("Could not open the file at /tmp/rust_mozprofileIalXbr/search.json.mozlz4", (void 0)))
DevTools listening on ws://localhost:49513/devtools/browser/0edfeb4e-b655-4199-a72b-358a1c4bf01b
1642721273208	Marionette	INFO	Listening on port 42871
1642721273243	RemoteAgent	WARN	TLS certificate errors will be ignored for this session
1642721275874	Marionette	WARN	Ignoring event 'DOMContentLoaded' because document has an invalid readyState of 'complete'.
Exiting due to channel error.
Exiting due to channel error.
Exiting due to channel error.
1642721288993	geckodriver	INFO	Listening on 127.0.0.1:34787
1642721288997	mozrunner::runner	INFO	Running command: "/usr/bin/firefox" "--marionette" "--window-size=960x1080" "--remote-debugging-port" "37965" "-no-remote" "-profile" "/tmp/rust_mozprofile6YBOOI"
ATTENTION: default value of option mesa_glthread overridden by environment.
ATTENTION: default value of option mesa_glthread overridden by environment.
ATTENTION: default value of option mesa_glthread overridden by environment.
ATTENTION: default value of option mesa_glthread overridden by environment.
1642721289429	Marionette	INFO	Marionette enabled
console.warn: SearchSettings: "get: No settings file exists, new profile?" (new NotFoundError("Could not open the file at /tmp/rust_mozprofile6YBOOI/search.json.mozlz4", (void 0)))
DevTools listening on ws://localhost:37965/devtools/browser/eebef184-6a3b-469a-a99f-973ad442a47a
1642721290458	Marionette	INFO	Listening on port 34873
1642721290512	RemoteAgent	WARN	TLS certificate errors will be ignored for this session
1642721293019	Marionette	WARN	Ignoring event 'DOMContentLoaded' because document has an invalid readyState of 'complete'.
ATTENTION: default value of option mesa_glthread overridden by environment.
JavaScript warning: https://pix.adrta.com/cdnf.js?v=22.90, line 1: WEBGL_debug_renderer_info is deprecated in Firefox and will be removed. Please use RENDERER.
ATTENTION: default value of option mesa_glthread overridden by environment.
JavaScript warning: https://pagead2.googlesyndication.com/bg/RSjKnk5gG5e-YnqyaokaGBofRBYcmQ35b5mWA3AF7Xg.js line 1 > eval line 722 > eval line 1 > eval, line 1: WEBGL_debug_renderer_info is deprecated in Firefox and will be removed. Please use RENDERER.
JavaScript warning: https://pagead2.googlesyndication.com/bg/RSjKnk5gG5e-YnqyaokaGBofRBYcmQ35b5mWA3AF7Xg.js line 1 > eval line 4138 > eval, line 1: WEBGL_debug_renderer_info is deprecated in Firefox and will be removed. Please use RENDERER.
1642721317676	Marionette	WARN	Ignoring event 'pageshow' because document has an invalid readyState of 'uninitialized'.
Exiting due to channel error.
Exiting due to channel error.
Exiting due to channel error.
1642721356711	geckodriver	INFO	Listening on 127.0.0.1:52907
1642721356714	mozrunner::runner	INFO	Running command: "/usr/bin/firefox" "--marionette" "--window-size=960x1080" "--remote-debugging-port" "36721" "-no-remote" "-profile" "/tmp/rust_mozprofileQTCAAE"
ATTENTION: default value of option mesa_glthread overridden by environment.
ATTENTION: default value of option mesa_glthread overridden by environment.
ATTENTION: default value of option mesa_glthread overridden by environment.
ATTENTION: default value of option mesa_glthread overridden by environment.
1642721357127	Marionette	INFO	Marionette enabled
console.warn: SearchSettings: "get: No settings file exists, new profile?" (new NotFoundError("Could not open the file at /tmp/rust_mozprofileQTCAAE/search.json.mozlz4", (void 0)))
DevTools listening on ws://localhost:36721/devtools/browser/87779f16-10fe-4735-9575-e289e8420304
1642721358011	Marionette	INFO	Listening on port 46373
1642721358029	RemoteAgent	WARN	TLS certificate errors will be ignored for this session
1642721360644	Marionette	WARN	Ignoring event 'DOMContentLoaded' because document has an invalid readyState of 'complete'.
ATTENTION: default value of option mesa_glthread overridden by environment.
JavaScript warning: https://pagead2.googlesyndication.com/bg/RSjKnk5gG5e-YnqyaokaGBofRBYcmQ35b5mWA3AF7Xg.js line 1 > eval line 1728 > eval line 1 > eval, line 1: WEBGL_debug_renderer_info is deprecated in Firefox and will be removed. Please use RENDERER.
JavaScript warning: https://pagead2.googlesyndication.com/bg/RSjKnk5gG5e-YnqyaokaGBofRBYcmQ35b5mWA3AF7Xg.js line 1 > eval line 6664 > eval line 1 > eval, line 1: WEBGL_debug_renderer_info is deprecated in Firefox and will be removed. Please use RENDERER.
1642721373101	Marionette	WARN	Ignoring event 'pageshow' because document has an invalid readyState of 'uninitialized'.
1642721378825	Marionette	WARN	Ignoring event 'DOMContentLoaded' because document has an invalid readyState of 'complete'.
1642721390253	Marionette	INFO	Stopped listening on port 46373
console.warn: TopSitesFeed: Failed to fetch data from Contile server: NetworkError when attempting to fetch resource.
JavaScript error: , line 0: AbortError: The fetching process for the media resource was aborted by the user agent at the user's request.
JavaScript error: , line 0: TypeError: NetworkError when attempting to fetch resource.
JavaScript error: , line 0: TypeError: NetworkError when attempting to fetch resource.

###!!! [Parent][RunMessage] Error: Channel closing: too late to send/recv, messages will be lost

1642721391387	geckodriver	INFO	Listening on 127.0.0.1:47361
1642721391390	mozrunner::runner	INFO	Running command: "/usr/bin/firefox" "--marionette" "--window-size=960x1080" "--remote-debugging-port" "56489" "-no-remote" "-profile" "/tmp/rust_mozprofilePAVGdM"
ATTENTION: default value of option mesa_glthread overridden by environment.
ATTENTION: default value of option mesa_glthread overridden by environment.
ATTENTION: default value of option mesa_glthread overridden by environment.
ATTENTION: default value of option mesa_glthread overridden by environment.
1642721391833	Marionette	INFO	Marionette enabled
console.warn: SearchSettings: "get: No settings file exists, new profile?" (new NotFoundError("Could not open the file at /tmp/rust_mozprofilePAVGdM/search.json.mozlz4", (void 0)))
DevTools listening on ws://localhost:56489/devtools/browser/0d54c266-f215-49a3-8310-6aed0fbb51f8
1642721392935	Marionette	INFO	Listening on port 36023
1642721393006	RemoteAgent	WARN	TLS certificate errors will be ignored for this session
1642721397805	Marionette	WARN	Ignoring event 'DOMContentLoaded' because document has an invalid readyState of 'complete'.
ATTENTION: default value of option mesa_glthread overridden by environment.
JavaScript warning: https://pagead2.googlesyndication.com/bg/RSjKnk5gG5e-YnqyaokaGBofRBYcmQ35b5mWA3AF7Xg.js line 1 > eval line 749 > eval, line 1: WEBGL_debug_renderer_info is deprecated in Firefox and will be removed. Please use RENDERER.
JavaScript warning: https://pagead2.googlesyndication.com/bg/RSjKnk5gG5e-YnqyaokaGBofRBYcmQ35b5mWA3AF7Xg.js line 1 > eval line 4707 > eval line 1 > eval, line 1: WEBGL_debug_renderer_info is deprecated in Firefox and will be removed. Please use RENDERER.
1642721408968	Marionette	WARN	Ignoring event 'pageshow' because document has an invalid readyState of 'uninitialized'.
Exiting due to channel error.
Exiting due to channel error.
Exiting due to channel error.
1642721466777	geckodriver	INFO	Listening on 127.0.0.1:38189
1642721466780	mozrunner::runner	INFO	Running command: "/usr/bin/firefox" "--marionette" "--window-size=960x1080" "--remote-debugging-port" "36017" "-no-remote" "-profile" "/tmp/rust_mozprofiletUBB28"
ATTENTION: default value of option mesa_glthread overridden by environment.
ATTENTION: default value of option mesa_glthread overridden by environment.
ATTENTION: default value of option mesa_glthread overridden by environment.
ATTENTION: default value of option mesa_glthread overridden by environment.
1642721467226	Marionette	INFO	Marionette enabled
console.warn: SearchSettings: "get: No settings file exists, new profile?" (new NotFoundError("Could not open the file at /tmp/rust_mozprofiletUBB28/search.json.mozlz4", (void 0)))
DevTools listening on ws://localhost:36017/devtools/browser/3016aa99-ac29-40f5-a34b-926db3b0f1b9
1642721468308	Marionette	INFO	Listening on port 46317
1642721468421	RemoteAgent	WARN	TLS certificate errors will be ignored for this session
1642721472684	Marionette	INFO	Stopped listening on port 46317
console.warn: TopSitesFeed: Failed to fetch data from Contile server: NetworkError when attempting to fetch resource.
